<?xml version="1.0" encoding="UTF-8" ?>
<testsuite failures="1" time="0.037" errors="0" skipped="0" tests="6" name="com.seveniruby.testin_junit.AppTest">
  <properties>
[...]
</properties>
  <testcase time="0.001" classname="com.seveniruby.testin_junit.AppTest" name="testApp"/>
  <testcase time="0" classname="com.seveniruby.testin_junit.AppTest" name="test_4"/>
  <testcase time="0" classname="com.seveniruby.testin_junit.AppTest" name="test_3"/>
  <testcase time="0.001" classname="com.seveniruby.testin_junit.AppTest" name="test_5">
    <failure message="expected:&lt;3&gt; but was:&lt;101&gt;" type="junit.framework.AssertionFailedError">junit.framework.AssertionFailedError: expected:&lt;3&gt; but was:&lt;101&gt;
	at junit.framework.Assert.fail(Assert.java:47)
	at junit.framework.Assert.failNotEquals(Assert.java:282)
	at junit.framework.Assert.assertEquals(Assert.java:64)
	at junit.framework.Assert.assertEquals(Assert.java:201)
	at junit.framework.Assert.assertEquals(Assert.java:207)
	at com.seveniruby.testin_junit.AppTest.test_5(AppTest.java:66)
</failure>
  </testcase>
  <testcase time="0" classname="com.seveniruby.testin_junit.AppTest" name="test_1"/>
  <testcase time="0" classname="com.seveniruby.testin_junit.AppTest" name="test_2"/>
</testsuite>